SF:lib/main.dart
DA:6,3
DA:7,3
DA:10,1
DA:11,2
DA:14,1
DA:15,2
DA:18,0
DA:20,0
DA:21,0
DA:25,2
DA:28,1
DA:30,1
DA:32,1
DA:50,1
DA:63,1
DA:64,1
DA:87,0
DA:88,0
DA:89,0
DA:93,1
DA:94,2
DA:95,2
DA:99,1
DA:100,2
DA:101,1
DA:105,1
DA:106,3
DA:107,2
DA:108,2
DA:109,2
DA:110,2
DA:111,2
DA:112,1
DA:114,3
DA:115,3
DA:116,1
DA:117,2
DA:118,3
DA:123,1
DA:124,3
DA:126,2
DA:127,1
DA:128,1
DA:130,3
DA:131,1
DA:132,0
DA:133,0
DA:137,1
DA:138,1
DA:139,2
DA:140,0
DA:141,0
DA:146,2
DA:147,0
DA:148,0
DA:153,1
DA:154,1
DA:155,1
DA:156,2
DA:157,1
DA:158,1
DA:160,1
DA:162,1
DA:163,0
DA:166,1
DA:167,1
DA:168,0
DA:170,3
DA:171,0
DA:174,1
DA:175,0
DA:178,1
DA:179,0
DA:182,1
DA:183,0
DA:186,1
DA:187,0
DA:190,1
DA:191,0
DA:194,1
DA:195,0
DA:199,1
DA:200,0
DA:201,0
DA:202,0
DA:208,1
DA:210,3
DA:211,3
DA:212,1
DA:213,2
DA:214,2
DA:215,1
DA:216,1
DA:220,0
DA:221,0
DA:229,1
DA:231,1
DA:233,1
DA:234,1
DA:235,3
DA:243,1
DA:244,1
DA:245,1
DA:246,1
DA:248,1
DA:249,1
DA:250,1
DA:258,1
DA:261,1
DA:262,1
DA:263,1
DA:264,1
DA:269,1
DA:270,1
DA:271,1
DA:273,1
DA:279,1
DA:280,1
DA:281,1
DA:284,1
DA:285,1
DA:292,1
DA:293,1
DA:294,1
DA:296,1
DA:305,1
DA:306,1
DA:307,1
DA:314,1
DA:315,1
DA:316,1
DA:318,1
DA:327,1
DA:328,1
DA:329,1
DA:336,1
DA:337,1
DA:338,1
DA:340,1
DA:346,1
DA:347,1
DA:348,1
DA:355,1
DA:356,1
DA:357,1
DA:359,1
DA:365,1
DA:366,1
DA:367,1
DA:370,1
DA:377,1
DA:378,1
DA:379,1
DA:381,1
DA:387,1
DA:388,1
DA:389,1
DA:392,1
DA:399,1
DA:400,1
DA:401,1
DA:403,1
DA:407,1
DA:408,1
DA:409,1
DA:411,1
DA:427,1
DA:428,1
DA:430,1
DA:431,1
DA:432,1
DA:440,1
DA:443,1
DA:444,1
DA:445,1
DA:446,1
DA:451,1
DA:452,1
DA:453,1
DA:455,1
DA:461,1
DA:462,1
DA:463,1
DA:466,1
DA:467,1
DA:474,1
DA:475,1
DA:476,1
DA:478,1
DA:487,1
DA:488,1
DA:489,1
DA:496,1
DA:497,1
DA:498,1
DA:500,1
DA:509,1
DA:510,1
DA:511,1
DA:518,1
DA:519,1
DA:520,1
DA:522,1
DA:528,1
DA:529,1
DA:530,1
DA:537,1
DA:538,1
DA:539,1
DA:541,1
DA:545,1
DA:546,1
DA:547,1
DA:548,1
DA:549,1
DA:550,1
LF:216
LH:190
end_of_record
